<?xml version="1.0" encoding="UTF-8"?>
<!-- Generated by org.testng.reporters.JUnitXMLReporter -->
<testsuite hostname="pradippack" ignored="0" name="Default test" tests="13" failures="0" timestamp="29 Jun 2018 12:06:30 GMT" time="14.886" errors="0">
  <testcase name="createAccountForPendingUser" time="4.083" classname="com.comicrelief.identityService.CreateAccountTest"/>
  <testcase name="createAccountNoData" time="1.074" classname="com.comicrelief.identityService.CreateAccountTest"/>
  <testcase name="createAccountWithEmptyEmail" time="0.997" classname="com.comicrelief.identityService.CreateAccountTest"/>
  <testcase name="createAccountWithEmptyFirstName" time="0.872" classname="com.comicrelief.identityService.CreateAccountTest"/>
  <testcase name="createAccountWithEmptyLastName" time="0.708" classname="com.comicrelief.identityService.CreateAccountTest"/>
  <testcase name="createAccountWithEmptyPassword" time="0.651" classname="com.comicrelief.identityService.CreateAccountTest"/>
  <testcase name="createAccountWithEmptyTerms" time="0.73" classname="com.comicrelief.identityService.CreateAccountTest"/>
  <testcase name="createAccountWithExistingEmailAddress" time="1.489" classname="com.comicrelief.identityService.CreateAccountTest"/>
  <testcase name="createAccountWithFalseTerms" time="0.78" classname="com.comicrelief.identityService.CreateAccountTest"/>
  <testcase name="createAccountWithInvalidEmail" time="0.812" classname="com.comicrelief.identityService.CreateAccountTest"/>
  <testcase name="createAccountWithInvalidPassword" time="0.66" classname="com.comicrelief.identityService.CreateAccountTest"/>
  <testcase name="createO16Account" time="0.717" classname="com.comicrelief.identityService.CreateAccountTest"/>
  <testcase name="createU16Account" time="0.721" classname="com.comicrelief.identityService.CreateAccountTest"/>
</testsuite> <!-- Default test -->
