<?xml version="1.0" encoding="UTF-8"?>
<testng-results skipped="0" failed="0" ignored="0" total="1" passed="1">
  <reporter-output>
  </reporter-output>
  <suite name="Default suite" duration-ms="4027" started-at="2018-06-28T11:26:38Z" finished-at="2018-06-28T11:26:42Z">
    <groups>
    </groups>
    <test name="Default test" duration-ms="4027" started-at="2018-06-28T11:26:38Z" finished-at="2018-06-28T11:26:42Z">
      <class name="com.comicrelief.identityService.EmailExistsTest">
        <test-method status="PASS" signature="testSetUp()[pri:0, instance:com.comicrelief.identityService.EmailExistsTest@5c3bd550]" name="testSetUp" is-config="true" duration-ms="527" started-at="2018-06-28T11:26:38Z" finished-at="2018-06-28T11:26:38Z">
          <reporter-output>
          </reporter-output>
        </test-method> <!-- testSetUp -->
        <test-method status="PASS" signature="checkEmailExist()[pri:0, instance:com.comicrelief.identityService.EmailExistsTest@5c3bd550]" name="checkEmailExist" duration-ms="3481" started-at="2018-06-28T11:26:38Z" finished-at="2018-06-28T11:26:42Z">
          <reporter-output>
          </reporter-output>
        </test-method> <!-- checkEmailExist -->
      </class> <!-- com.comicrelief.identityService.EmailExistsTest -->
    </test> <!-- Default test -->
  </suite> <!-- Default suite -->
</testng-results>
